2025-06-26 23:13:49,574 - INFO - Starting prediction process at 2025-06-26 23:13:49
2025-06-26 23:13:49,622 - INFO - Loaded 50 cases from d:\TUGAS SMT 6\PENALARAN KOMPUTER\TUGAS AKHIR UAS\CODE\Penalaran_Komputer\CBR_Penalararan_Komputer(8)\data\processed\cases.csv and 5 queries from d:\TUGAS SMT 6\PENALARAN KOMPUTER\TUGAS AKHIR UAS\CODE\Penalaran_Komputer\CBR_Penalararan_Komputer(8)\data\eval\queries.json
2025-06-26 23:13:49,628 - INFO - TF-IDF matrix shape: (50, 138)
2025-06-26 23:13:49,660 - INFO - Training data shape: (50, 279)
2025-06-26 23:13:49,661 - INFO - Class distribution: [25 25]
2025-06-26 23:13:54,194 - INFO - Best Logistic Regression Parameters: {'C': 0.1}
2025-06-26 23:13:54,195 - INFO - Best CV F1 Score (LogReg): 1.00
2025-06-26 23:13:54,240 - INFO - Best SVM Parameters: {'C': 0.1}
2025-06-26 23:13:54,242 - INFO - Best CV F1 Score (SVM): 1.00
2025-06-26 23:13:54,244 - INFO - Loading IndoBERT model on cpu
2025-06-26 23:13:54,247 - INFO - Load pretrained SentenceTransformer: indobenchmark/indobert-base-p1
2025-06-26 23:13:55,290 - WARNING - No sentence-transformers model found with name indobenchmark/indobert-base-p1. Creating a new one with mean pooling.
2025-06-26 23:13:59,799 - WARNING - Xet Storage is enabled for this repo, but the 'hf_xet' package is not installed. Falling back to regular HTTP download. For better performance, install the package with: `pip install huggingface_hub[hf_xet]` or `pip install hf_xet`
2025-06-26 23:14:29,116 - INFO - Document embeddings shape: (50, 768)
2025-06-26 23:14:40,988 - INFO - Saved results to d:\TUGAS SMT 6\PENALARAN KOMPUTER\TUGAS AKHIR UAS\CODE\Penalaran_Komputer\CBR_Penalararan_Komputer(8)\data\results/logreg_predictions.csv
2025-06-26 23:14:40,989 - INFO - Saved results to d:\TUGAS SMT 6\PENALARAN KOMPUTER\TUGAS AKHIR UAS\CODE\Penalaran_Komputer\CBR_Penalararan_Komputer(8)\data\results/svm_predictions.csv
2025-06-26 23:14:40,990 - INFO - Saved results to d:\TUGAS SMT 6\PENALARAN KOMPUTER\TUGAS AKHIR UAS\CODE\Penalaran_Komputer\CBR_Penalararan_Komputer(8)\data\results/indobert_predictions.csv
2025-06-27 01:11:02,213 - INFO - Directory ensured: d:\TUGAS SMT 6\PENALARAN KOMPUTER\TUGAS AKHIR UAS\CODE\Penalaran_Komputer\logs
2025-06-27 01:11:02,218 - INFO - Directory ensured: d:\TUGAS SMT 6\PENALARAN KOMPUTER\TUGAS AKHIR UAS\CODE\Penalaran_Komputer\data\processed
2025-06-27 01:11:02,220 - INFO - Directory ensured: d:\TUGAS SMT 6\PENALARAN KOMPUTER\TUGAS AKHIR UAS\CODE\Penalaran_Komputer\data\eval
2025-06-27 01:11:02,222 - INFO - Directory ensured: d:\TUGAS SMT 6\PENALARAN KOMPUTER\TUGAS AKHIR UAS\CODE\Penalaran_Komputer\data\results
2025-06-27 01:15:28,410 - INFO - Starting prediction process at 2025-06-27 01:15:28
2025-06-27 01:15:28,460 - INFO - Loaded 50 cases from d:\TUGAS SMT 6\PENALARAN KOMPUTER\TUGAS AKHIR UAS\CODE\Penalaran_Komputer\CBR_Penalararan_Komputer(8)\data\processed\cases.csv and 5 queries from d:\TUGAS SMT 6\PENALARAN KOMPUTER\TUGAS AKHIR UAS\CODE\Penalaran_Komputer\CBR_Penalararan_Komputer(8)\data\eval\queries.json
2025-06-27 01:15:28,467 - INFO - TF-IDF matrix shape: (50, 138)
2025-06-27 01:15:28,500 - INFO - Training data shape: (50, 279)
2025-06-27 01:15:28,502 - INFO - Class distribution: [25 25]
2025-06-27 01:15:33,030 - INFO - Best Logistic Regression Parameters: {'C': 0.1}
2025-06-27 01:15:33,031 - INFO - Best CV F1 Score (LogReg): 1.00
2025-06-27 01:15:33,075 - INFO - Best SVM Parameters: {'C': 0.1}
2025-06-27 01:15:33,077 - INFO - Best CV F1 Score (SVM): 1.00
2025-06-27 01:15:33,078 - INFO - Loading IndoBERT model on cpu
2025-06-27 01:15:33,083 - INFO - Load pretrained SentenceTransformer: indobenchmark/indobert-base-p1
2025-06-27 01:15:33,581 - WARNING - No sentence-transformers model found with name indobenchmark/indobert-base-p1. Creating a new one with mean pooling.
2025-06-27 01:15:37,895 - INFO - Document embeddings shape: (50, 768)
2025-06-27 01:15:50,042 - INFO - Saved results to d:\TUGAS SMT 6\PENALARAN KOMPUTER\TUGAS AKHIR UAS\CODE\Penalaran_Komputer\CBR_Penalararan_Komputer(8)\data\results/logreg_predictions.csv
2025-06-27 01:15:50,043 - INFO - Saved results to d:\TUGAS SMT 6\PENALARAN KOMPUTER\TUGAS AKHIR UAS\CODE\Penalaran_Komputer\CBR_Penalararan_Komputer(8)\data\results/svm_predictions.csv
2025-06-27 01:15:50,044 - INFO - Saved results to d:\TUGAS SMT 6\PENALARAN KOMPUTER\TUGAS AKHIR UAS\CODE\Penalaran_Komputer\CBR_Penalararan_Komputer(8)\data\results/indobert_predictions.csv
2025-06-27 01:23:44,530 - INFO - Directory ensured: d:\TUGAS SMT 6\PENALARAN KOMPUTER\TUGAS AKHIR UAS\CODE\Penalaran_Komputer\CBR_Penalararan_Komputer(8)\logs
2025-06-27 01:23:44,531 - INFO - Directory ensured: d:\TUGAS SMT 6\PENALARAN KOMPUTER\TUGAS AKHIR UAS\CODE\Penalaran_Komputer\CBR_Penalararan_Komputer(8)\data\processed
2025-06-27 01:23:44,533 - INFO - Directory ensured: d:\TUGAS SMT 6\PENALARAN KOMPUTER\TUGAS AKHIR UAS\CODE\Penalaran_Komputer\CBR_Penalararan_Komputer(8)\data\eval
2025-06-27 01:23:44,534 - INFO - Directory ensured: d:\TUGAS SMT 6\PENALARAN KOMPUTER\TUGAS AKHIR UAS\CODE\Penalaran_Komputer\CBR_Penalararan_Komputer(8)\data\results
2025-06-27 01:23:44,537 - INFO - Starting prediction process at 2025-06-27 01:23:44
2025-06-27 01:23:44,569 - INFO - Loaded 50 cases from d:\TUGAS SMT 6\PENALARAN KOMPUTER\TUGAS AKHIR UAS\CODE\Penalaran_Komputer\CBR_Penalararan_Komputer(8)\data\processed\cases.csv and 43 queries from d:\TUGAS SMT 6\PENALARAN KOMPUTER\TUGAS AKHIR UAS\CODE\Penalaran_Komputer\CBR_Penalararan_Komputer(8)\data\eval\queries.json
2025-06-27 01:23:44,575 - INFO - TF-IDF matrix shape: (50, 138)
2025-06-27 01:23:44,578 - WARNING - Case ID case_001 not found in dataset. Skipping query: menimbang bahwa terdakwa diajukan ke persidangan o...
2025-06-27 01:23:44,582 - WARNING - Case ID case_002 not found in dataset. Skipping query: bahwa terdakwa 1 oleksandr sulima alias oleks bers...
2025-06-27 01:23:44,586 - WARNING - Case ID case_003 not found in dataset. Skipping query: menimbang bahwa terdakwa diajukan ke persidangan o...
2025-06-27 01:23:44,590 - WARNING - Case ID case_004 not found in dataset. Skipping query: menimbang bahwa terdakwa diajukan ke persidangan o...
2025-06-27 01:23:44,592 - WARNING - Case ID case_005 not found in dataset. Skipping query: menimbang bahwa terdakwa diajukan ke persidangan o...
2025-06-27 01:23:44,595 - WARNING - Case ID case_006 not found in dataset. Skipping query: bahwa terdakwa cahya fitriyanta alias fadliansyah ...
2025-06-27 01:23:44,599 - WARNING - Case ID case_008 not found in dataset. Skipping query: menimbang bahwa terdakwa dihadapkan ke persidangan...
2025-06-27 01:23:44,603 - WARNING - Case ID case_009 not found in dataset. Skipping query: menimbang bahwa terdakwa setelah meneliti dan memp...
2025-06-27 01:23:44,605 - WARNING - Case ID case_010 not found in dataset. Skipping query: menimbang bahwa terdakwa dihadapkan ke persidangan...
2025-06-27 01:23:44,608 - WARNING - Case ID case_012 not found in dataset. Skipping query: menimbang bahwa terdakwa telah dihadapkan didepan ...
2025-06-27 01:23:44,611 - WARNING - Case ID case_013 not found in dataset. Skipping query: bahwa terdakwa 1 andree terdakwa 2 andy thamrin te...
2025-06-27 01:23:44,613 - WARNING - Case ID case_015 not found in dataset. Skipping query: menimbang bahwa terdakwa dihadapakan kepersidangan...
2025-06-27 01:23:44,618 - WARNING - Case ID case_017 not found in dataset. Skipping query: menimbang bahwa terdakwa diajukan ke persidangan o...
2025-06-27 01:23:44,621 - WARNING - Case ID case_018 not found in dataset. Skipping query: menimbang bahwa terdakwa diajukan ke persidangan o...
2025-06-27 01:23:44,623 - WARNING - Case ID case_020 not found in dataset. Skipping query: menimbang bahwa terdakwa diajukan ke persidangan o...
2025-06-27 01:23:44,627 - WARNING - Case ID case_029 not found in dataset. Skipping query: bahwa terdakwa i kelevski toma haralampiev membuka...
2025-06-27 01:23:44,631 - WARNING - Case ID case_030 not found in dataset. Skipping query: menimbang bahwa terdakwa telah didakwa dengan dakw...
2025-06-27 01:23:44,635 - WARNING - Case ID case_034 not found in dataset. Skipping query: menimbang bahwa terdakwa diajukan ke persidangan o...
2025-06-27 01:23:44,638 - WARNING - Case ID case_035 not found in dataset. Skipping query: menimbang bahwa terdakwa dihadapkan ke persidangan...
2025-06-27 01:23:44,640 - WARNING - Case ID case_038 not found in dataset. Skipping query: menimbang bahwa terdakwa juga menyampaikan pembela...
2025-06-27 01:23:44,643 - WARNING - Case ID case_039 not found in dataset. Skipping query: menimbang bahwa terdakwa i i ketut budiartawan jug...
2025-06-27 01:23:44,647 - WARNING - Case ID case_041 not found in dataset. Skipping query: menimbang bahwa terdakwa diajukan ke persidangan o...
2025-06-27 01:23:44,650 - WARNING - Case ID case_042 not found in dataset. Skipping query: menimbang bahwa terdakwa diajukan ke persidangan o...
2025-06-27 01:23:44,653 - WARNING - Case ID case_043 not found in dataset. Skipping query: menimbang bahwa terdakwa diajukan ke persidangan o...
2025-06-27 01:23:44,658 - WARNING - Case ID case_044 not found in dataset. Skipping query: menimbang bahwa terdakwa diajukan ke persidangan o...
2025-06-27 01:23:44,661 - WARNING - Case ID case_045 not found in dataset. Skipping query: menimbang bahwa terdakwa diajukan ke persidangan d...
2025-06-27 01:23:44,663 - WARNING - Case ID case_046 not found in dataset. Skipping query: menimbang bahwa terdakwa diajukan ke persidangan o...
2025-06-27 01:23:44,667 - WARNING - Case ID case_048 not found in dataset. Skipping query: menimbang bahwa terdakwa diajukan ke persidangan o...
2025-06-27 01:23:44,669 - WARNING - Case ID case_049 not found in dataset. Skipping query: menimbang bahwa terdakwa diajukan ke persidangan o...
2025-06-27 01:23:44,673 - WARNING - Case ID case_050 not found in dataset. Skipping query: menimbang bahwa terdakwa diajukan ke persidangan o...
2025-06-27 01:23:44,677 - WARNING - Case ID case_051 not found in dataset. Skipping query: menimbang bahwa terdakwa diajukan ke persidangan o...
2025-06-27 01:23:44,679 - WARNING - Case ID case_052 not found in dataset. Skipping query: menimbang bahwa terdakwa diajukan ke persidangan o...
2025-06-27 01:23:44,682 - WARNING - Case ID case_054 not found in dataset. Skipping query: menimbang bahwa terdakwa diajukan ke persidangan o...
2025-06-27 01:23:44,685 - WARNING - Case ID case_057 not found in dataset. Skipping query: menimbang bahwa terdakwadiajukan ke persidangan ol...
2025-06-27 01:23:44,689 - WARNING - Case ID case_058 not found in dataset. Skipping query: menimbang bahwa terdakwa diajukan ke persidangan o...
2025-06-27 01:23:44,692 - WARNING - Case ID case_059 not found in dataset. Skipping query: menimbang bahwa terdakwa dipersidangan telah membe...
2025-06-27 01:23:44,695 - WARNING - Case ID case_060 not found in dataset. Skipping query: menimbang bahwa terdakwa diajukan ke persidangan o...
2025-06-27 01:23:44,697 - WARNING - Case ID case_061 not found in dataset. Skipping query: menimbang bahwa terdakwa diajukan ke persidangan o...
2025-06-27 01:23:44,701 - WARNING - Case ID case_062 not found in dataset. Skipping query: menimbang bahwa terdakwa diajukan ke persidangan o...
2025-06-27 01:23:44,704 - WARNING - Case ID case_063 not found in dataset. Skipping query: menimbang bahwa terdakwa diajukan ke persidangan o...
2025-06-27 01:23:44,708 - WARNING - Case ID case_064 not found in dataset. Skipping query: menimbang bahwa terdakwa telah didakwa oleh penunt...
2025-06-27 01:23:44,710 - WARNING - Case ID case_066 not found in dataset. Skipping query: menimbang bahwa terdakwa telah didakwa oleh penunt...
2025-06-27 01:23:44,712 - WARNING - Case ID case_067 not found in dataset. Skipping query: menimbang bahwa terdakwa diajukan ke persidangan o...
2025-06-27 01:23:44,716 - INFO - Training data shape: (0,)
2025-06-27 01:23:44,718 - ERROR - An error occurred in main: Cannot cast array data from dtype('float64') to dtype('int64') according to the rule 'safe'
2025-06-27 01:28:47,208 - INFO - Directory ensured: D:\TUGAS SMT 6\PENALARAN KOMPUTER\TUGAS AKHIR UAS\CODE\Penalaran_Komputer\CBR_Penalararan_Komputer(8)\CBR\logs
2025-06-27 01:28:47,209 - INFO - Directory ensured: D:\TUGAS SMT 6\PENALARAN KOMPUTER\TUGAS AKHIR UAS\CODE\Penalaran_Komputer\CBR_Penalararan_Komputer(8)\CBR\data\processed
2025-06-27 01:28:47,210 - INFO - Directory ensured: D:\TUGAS SMT 6\PENALARAN KOMPUTER\TUGAS AKHIR UAS\CODE\Penalaran_Komputer\CBR_Penalararan_Komputer(8)\CBR\data\eval
2025-06-27 01:28:47,211 - INFO - Directory ensured: D:\TUGAS SMT 6\PENALARAN KOMPUTER\TUGAS AKHIR UAS\CODE\Penalaran_Komputer\CBR_Penalararan_Komputer(8)\CBR\data\results
2025-06-27 01:32:21,416 - INFO - Starting prediction process at 2025-06-27 01:32:21
2025-06-27 01:32:21,432 - INFO - Loaded 50 cases from d:\TUGAS SMT 6\PENALARAN KOMPUTER\TUGAS AKHIR UAS\CODE\Penalaran_Komputer\CBR_Penalararan_Komputer(8)\data\processed\cases.csv and 43 queries from d:\TUGAS SMT 6\PENALARAN KOMPUTER\TUGAS AKHIR UAS\CODE\Penalaran_Komputer\CBR_Penalararan_Komputer(8)\CBR\data\eval\queries.json
2025-06-27 01:32:21,438 - INFO - TF-IDF matrix shape: (50, 138)
2025-06-27 01:32:21,441 - WARNING - Case ID case_001 not found in dataset. Skipping query: menimbang bahwa terdakwa diajukan ke persidangan o...
2025-06-27 01:32:21,444 - WARNING - Case ID case_002 not found in dataset. Skipping query: bahwa terdakwa 1 oleksandr sulima alias oleks bers...
2025-06-27 01:32:21,447 - WARNING - Case ID case_003 not found in dataset. Skipping query: menimbang bahwa terdakwa diajukan ke persidangan o...
2025-06-27 01:32:21,450 - WARNING - Case ID case_004 not found in dataset. Skipping query: menimbang bahwa terdakwa diajukan ke persidangan o...
2025-06-27 01:32:21,453 - WARNING - Case ID case_005 not found in dataset. Skipping query: menimbang bahwa terdakwa diajukan ke persidangan o...
2025-06-27 01:32:21,456 - WARNING - Case ID case_006 not found in dataset. Skipping query: bahwa terdakwa cahya fitriyanta alias fadliansyah ...
2025-06-27 01:32:21,459 - WARNING - Case ID case_008 not found in dataset. Skipping query: menimbang bahwa terdakwa dihadapkan ke persidangan...
2025-06-27 01:32:21,461 - WARNING - Case ID case_009 not found in dataset. Skipping query: menimbang bahwa terdakwa setelah meneliti dan memp...
2025-06-27 01:32:21,465 - WARNING - Case ID case_010 not found in dataset. Skipping query: menimbang bahwa terdakwa dihadapkan ke persidangan...
2025-06-27 01:32:21,467 - WARNING - Case ID case_012 not found in dataset. Skipping query: menimbang bahwa terdakwa telah dihadapkan didepan ...
2025-06-27 01:32:21,471 - WARNING - Case ID case_013 not found in dataset. Skipping query: bahwa terdakwa 1 andree terdakwa 2 andy thamrin te...
2025-06-27 01:32:21,473 - WARNING - Case ID case_015 not found in dataset. Skipping query: menimbang bahwa terdakwa dihadapakan kepersidangan...
2025-06-27 01:32:21,475 - WARNING - Case ID case_017 not found in dataset. Skipping query: menimbang bahwa terdakwa diajukan ke persidangan o...
2025-06-27 01:32:21,477 - WARNING - Case ID case_018 not found in dataset. Skipping query: menimbang bahwa terdakwa diajukan ke persidangan o...
2025-06-27 01:32:21,479 - WARNING - Case ID case_020 not found in dataset. Skipping query: menimbang bahwa terdakwa diajukan ke persidangan o...
2025-06-27 01:32:21,483 - WARNING - Case ID case_029 not found in dataset. Skipping query: bahwa terdakwa i kelevski toma haralampiev membuka...
2025-06-27 01:32:21,486 - WARNING - Case ID case_030 not found in dataset. Skipping query: menimbang bahwa terdakwa telah didakwa dengan dakw...
2025-06-27 01:32:21,489 - WARNING - Case ID case_034 not found in dataset. Skipping query: menimbang bahwa terdakwa diajukan ke persidangan o...
2025-06-27 01:32:21,491 - WARNING - Case ID case_035 not found in dataset. Skipping query: menimbang bahwa terdakwa dihadapkan ke persidangan...
2025-06-27 01:32:21,494 - WARNING - Case ID case_038 not found in dataset. Skipping query: menimbang bahwa terdakwa juga menyampaikan pembela...
2025-06-27 01:32:21,496 - WARNING - Case ID case_039 not found in dataset. Skipping query: menimbang bahwa terdakwa i i ketut budiartawan jug...
2025-06-27 01:32:21,499 - WARNING - Case ID case_041 not found in dataset. Skipping query: menimbang bahwa terdakwa diajukan ke persidangan o...
2025-06-27 01:32:21,502 - WARNING - Case ID case_042 not found in dataset. Skipping query: menimbang bahwa terdakwa diajukan ke persidangan o...
2025-06-27 01:32:21,505 - WARNING - Case ID case_043 not found in dataset. Skipping query: menimbang bahwa terdakwa diajukan ke persidangan o...
2025-06-27 01:32:21,508 - WARNING - Case ID case_044 not found in dataset. Skipping query: menimbang bahwa terdakwa diajukan ke persidangan o...
2025-06-27 01:32:21,511 - WARNING - Case ID case_045 not found in dataset. Skipping query: menimbang bahwa terdakwa diajukan ke persidangan d...
2025-06-27 01:32:21,515 - WARNING - Case ID case_046 not found in dataset. Skipping query: menimbang bahwa terdakwa diajukan ke persidangan o...
2025-06-27 01:32:21,518 - WARNING - Case ID case_048 not found in dataset. Skipping query: menimbang bahwa terdakwa diajukan ke persidangan o...
2025-06-27 01:32:21,520 - WARNING - Case ID case_049 not found in dataset. Skipping query: menimbang bahwa terdakwa diajukan ke persidangan o...
2025-06-27 01:32:21,524 - WARNING - Case ID case_050 not found in dataset. Skipping query: menimbang bahwa terdakwa diajukan ke persidangan o...
2025-06-27 01:32:21,527 - WARNING - Case ID case_051 not found in dataset. Skipping query: menimbang bahwa terdakwa diajukan ke persidangan o...
2025-06-27 01:32:21,535 - WARNING - Case ID case_052 not found in dataset. Skipping query: menimbang bahwa terdakwa diajukan ke persidangan o...
2025-06-27 01:32:21,539 - WARNING - Case ID case_054 not found in dataset. Skipping query: menimbang bahwa terdakwa diajukan ke persidangan o...
2025-06-27 01:32:21,542 - WARNING - Case ID case_057 not found in dataset. Skipping query: menimbang bahwa terdakwadiajukan ke persidangan ol...
2025-06-27 01:32:21,549 - WARNING - Case ID case_058 not found in dataset. Skipping query: menimbang bahwa terdakwa diajukan ke persidangan o...
2025-06-27 01:32:21,557 - WARNING - Case ID case_059 not found in dataset. Skipping query: menimbang bahwa terdakwa dipersidangan telah membe...
2025-06-27 01:32:21,561 - WARNING - Case ID case_060 not found in dataset. Skipping query: menimbang bahwa terdakwa diajukan ke persidangan o...
2025-06-27 01:32:21,565 - WARNING - Case ID case_061 not found in dataset. Skipping query: menimbang bahwa terdakwa diajukan ke persidangan o...
2025-06-27 01:32:21,569 - WARNING - Case ID case_062 not found in dataset. Skipping query: menimbang bahwa terdakwa diajukan ke persidangan o...
2025-06-27 01:32:21,571 - WARNING - Case ID case_063 not found in dataset. Skipping query: menimbang bahwa terdakwa diajukan ke persidangan o...
2025-06-27 01:32:21,573 - WARNING - Case ID case_064 not found in dataset. Skipping query: menimbang bahwa terdakwa telah didakwa oleh penunt...
2025-06-27 01:32:21,575 - WARNING - Case ID case_066 not found in dataset. Skipping query: menimbang bahwa terdakwa telah didakwa oleh penunt...
2025-06-27 01:32:21,578 - WARNING - Case ID case_067 not found in dataset. Skipping query: menimbang bahwa terdakwa diajukan ke persidangan o...
2025-06-27 01:32:21,579 - INFO - Training data shape: (0,)
2025-06-27 01:32:21,580 - ERROR - An error occurred in main: Cannot cast array data from dtype('float64') to dtype('int64') according to the rule 'safe'
2025-06-27 01:38:59,009 - INFO - Directory ensured: D:\TUGAS SMT 6\PENALARAN KOMPUTER\TUGAS AKHIR UAS\CODE\Penalaran_Komputer\CBR_Penalararan_Komputer(8)\CBR\logs
2025-06-27 01:38:59,011 - INFO - Directory ensured: D:\TUGAS SMT 6\PENALARAN KOMPUTER\TUGAS AKHIR UAS\CODE\Penalaran_Komputer\CBR_Penalararan_Komputer(8)\CBR\data\processed
2025-06-27 01:38:59,012 - INFO - Directory ensured: D:\TUGAS SMT 6\PENALARAN KOMPUTER\TUGAS AKHIR UAS\CODE\Penalaran_Komputer\CBR_Penalararan_Komputer(8)\CBR\data\eval
2025-06-27 01:38:59,013 - INFO - Directory ensured: D:\TUGAS SMT 6\PENALARAN KOMPUTER\TUGAS AKHIR UAS\CODE\Penalaran_Komputer\CBR_Penalararan_Komputer(8)\CBR\data\results
