2025-06-26 22:01:17,504 - INFO - Starting retrieval process at 2025-06-26 22:01:17
2025-06-26 22:01:17,506 - WARNING - d:\TUGAS SMT 6\PENALARAN KOMPUTER\TUGAS AKHIR UAS\CODE\Penalaran_Komputer\CBR_Penalararan_Komputer(8)\data\processed\cases.csv not found. Creating sample cases.csv.
2025-06-26 22:01:17,513 - INFO - Created sample d:\TUGAS SMT 6\PENALARAN KOMPUTER\TUGAS AKHIR UAS\CODE\Penalaran_Komputer\CBR_Penalararan_Komputer(8)\data\processed\cases.csv with 50 cases.
2025-06-26 22:01:17,515 - WARNING - d:\TUGAS SMT 6\PENALARAN KOMPUTER\TUGAS AKHIR UAS\CODE\Penalaran_Komputer\CBR_Penalararan_Komputer(8)\data\eval\queries.json not found. Creating sample queries.json.
2025-06-26 22:01:17,516 - INFO - Created sample d:\TUGAS SMT 6\PENALARAN KOMPUTER\TUGAS AKHIR UAS\CODE\Penalaran_Komputer\CBR_Penalararan_Komputer(8)\data\eval\queries.json with 5 queries.
2025-06-26 22:01:17,532 - INFO - Loaded 50 cases from d:\TUGAS SMT 6\PENALARAN KOMPUTER\TUGAS AKHIR UAS\CODE\Penalaran_Komputer\CBR_Penalararan_Komputer(8)\data\processed\cases.csv
2025-06-26 22:01:17,540 - INFO - TF-IDF matrix shape: (50, 267)
2025-06-26 22:01:17,553 - INFO - Loaded 5 evaluation queries from d:\TUGAS SMT 6\PENALARAN KOMPUTER\TUGAS AKHIR UAS\CODE\Penalaran_Komputer\CBR_Penalararan_Komputer(8)\data\eval\queries.json
2025-06-26 22:01:17,615 - INFO - Training data shape: (100, 537)
2025-06-26 22:01:17,617 - INFO - Class distribution: [50 50]
2025-06-26 22:01:17,744 - INFO - Best SVM Parameters: {'C': 0.01}
2025-06-26 22:01:17,745 - INFO - Best CV Accuracy: 1.00
2025-06-26 22:01:17,836 - INFO - Query: Legal dispute case 1...
2025-06-26 22:01:17,838 - INFO - Top 5 Results (ID, Score): [('CASE_1', np.float64(0.8911614142838018)), ('CASE_2', np.float64(0.7756505588129035)), ('CASE_3', np.float64(0.7756505588129035)), ('CASE_4', np.float64(0.7756505588129035)), ('CASE_5', np.float64(0.7756505588129035))]
2025-06-26 22:01:17,839 - INFO - FOUND in Top-5: CASE_1
2025-06-26 22:01:17,896 - INFO - Query: Legal dispute case 2...
2025-06-26 22:01:17,897 - INFO - Top 5 Results (ID, Score): [('CASE_2', np.float64(0.8911614142838018)), ('CASE_1', np.float64(0.7756505588129035)), ('CASE_3', np.float64(0.7756505588129035)), ('CASE_4', np.float64(0.7756505588129035)), ('CASE_5', np.float64(0.7756505588129035))]
2025-06-26 22:01:17,898 - INFO - FOUND in Top-5: CASE_2
2025-06-26 22:01:17,953 - INFO - Query: Legal dispute case 3...
2025-06-26 22:01:17,954 - INFO - Top 5 Results (ID, Score): [('CASE_3', np.float64(0.8911614142838018)), ('CASE_1', np.float64(0.7756505588129035)), ('CASE_2', np.float64(0.7756505588129035)), ('CASE_4', np.float64(0.7756505588129035)), ('CASE_5', np.float64(0.7756505588129035))]
2025-06-26 22:01:17,955 - INFO - FOUND in Top-5: CASE_3
2025-06-26 22:01:18,017 - INFO - Query: Legal dispute case 4...
2025-06-26 22:01:18,018 - INFO - Top 5 Results (ID, Score): [('CASE_4', np.float64(0.8911614142838018)), ('CASE_1', np.float64(0.7756505588129035)), ('CASE_2', np.float64(0.7756505588129035)), ('CASE_3', np.float64(0.7756505588129035)), ('CASE_5', np.float64(0.7756505588129035))]
2025-06-26 22:01:18,018 - INFO - FOUND in Top-5: CASE_4
2025-06-26 22:01:18,080 - INFO - Query: Legal dispute case 5...
2025-06-26 22:01:18,081 - INFO - Top 5 Results (ID, Score): [('CASE_5', np.float64(0.8911614142838018)), ('CASE_1', np.float64(0.7756505588129035)), ('CASE_2', np.float64(0.7756505588129035)), ('CASE_3', np.float64(0.7756505588129035)), ('CASE_4', np.float64(0.7756505588129035))]
2025-06-26 22:01:18,082 - INFO - FOUND in Top-5: CASE_5
2025-06-26 22:01:18,083 - INFO - SVM Pairwise Accuracy@5: 5/5 = 1.00
2025-06-26 22:01:18,084 - INFO - SVM Pairwise Recall@10: 5/5 = 1.00
2025-06-26 23:02:39,529 - WARNING - From d:\TUGAS SMT 6\PENALARAN KOMPUTER\TUGAS AKHIR UAS\CODE\Penalaran_Komputer\CBR_Penalararan_Komputer(8)\CBR\notebooks\venv\lib\site-packages\tf_keras\src\losses.py:2976: The name tf.losses.sparse_softmax_cross_entropy is deprecated. Please use tf.compat.v1.losses.sparse_softmax_cross_entropy instead.

2025-06-26 23:02:40,003 - INFO - PyTorch version 2.4.1 available.
2025-06-26 23:02:40,006 - INFO - TensorFlow version 2.19.0 available.
2025-06-26 23:02:42,116 - INFO - Directory ensured: d:\TUGAS SMT 6\PENALARAN KOMPUTER\TUGAS AKHIR UAS\CODE\Penalaran_Komputer\CBR_Penalararan_Komputer(8)\logs
2025-06-26 23:02:42,117 - INFO - Directory ensured: d:\TUGAS SMT 6\PENALARAN KOMPUTER\TUGAS AKHIR UAS\CODE\Penalaran_Komputer\CBR_Penalararan_Komputer(8)\data\processed
2025-06-26 23:02:42,118 - INFO - Directory ensured: d:\TUGAS SMT 6\PENALARAN KOMPUTER\TUGAS AKHIR UAS\CODE\Penalaran_Komputer\CBR_Penalararan_Komputer(8)\data\eval
